<?xml version="1.0" encoding="UTF-8"?>
<testsuite name="A Broken Feature" tests="14" skipped="1" failures="6" errors="0" timestamp="2019-06-30T04:58:01" hostname="Andromeda.local" time="0.335">
  <properties/>
  <testcase name="A simple passing given-when-then scenario" classname="A Broken Feature" time="0.113"/>
  <testcase name="A simple given-when-then scenario with bullet points" classname="A Broken Feature" time="0.004"/>
  <testcase name="A failing manual scenario" classname="A Broken Feature" time="0.006">
    <skipped/>
  </testcase>
  <testcase name="A failing given-when-then scenario" classname="A Broken Feature" time="0.009">
    <failure message="java.lang.AssertionError: Excluded lists do not match...&#10;Expected:[...]&#10;Actual: [...]" type="java.lang.AssertionError">java.lang.AssertionError: Excluded lists do not match...
Expected:[...]
Actual: [...]
	at org.junit.Assert.fail(Assert.java:88)
	at org.junit.Assert.assertTrue(Assert.java:41)
	at demo.stepdefinitions.DemoStepDefinitions.something_bad_happens(DemoStepDefinitions.java:28)
	at ✽.something bad happens(features/a_component_or_smaller_capability/a_broken_feature.feature:26)
</failure>
  </testcase>
  <testcase name="A broken given-when-then scenario" classname="A Broken Feature" time="0.006">
    <failure message="java.lang.NullPointerException" type="java.lang.NullPointerException">java.lang.NullPointerException
	at demo.stepdefinitions.DemoStepDefinitions.something_unexpected_happens(DemoStepDefinitions.java:35)
	at ✽.something unexpected happens(features/a_component_or_smaller_capability/a_broken_feature.feature:31)
</failure>
  </testcase>
  <testcase name="A scenario with an embedded table" classname="A Broken Feature" time="0.003"/>
  <testcase name="A broken scenario outline" classname="A Broken Feature" time="0.046"/>
  <testcase name="A broken scenario outline" classname="A Broken Feature" time="0.008">
    <failure message="java.lang.AssertionError: &#10;Expecting:&#10; &lt;-10&gt;&#10;to be greater than:&#10; &lt;0&gt; " type="java.lang.AssertionError">java.lang.AssertionError: 
Expecting:
 &lt;-10&gt;
to be greater than:
 &lt;0&gt; 
	at demo.stepdefinitions.DemoStepDefinitions.i_should_be_charged(DemoStepDefinitions.java:75)
	at ✽.I should be charged -10(features/a_component_or_smaller_capability/a_broken_feature.feature:46)
</failure>
  </testcase>
  <testcase name="A broken scenario outline" classname="A Broken Feature" time="0.001"/>
  <testcase name="A broken scenario outline" classname="A Broken Feature" time="0.003">
    <failure message="java.lang.AssertionError: &#10;Expecting:&#10; &lt;-30&gt;&#10;to be greater than:&#10; &lt;0&gt; " type="java.lang.AssertionError">java.lang.AssertionError: 
Expecting:
 &lt;-30&gt;
to be greater than:
 &lt;0&gt; 
	at demo.stepdefinitions.DemoStepDefinitions.i_should_be_charged(DemoStepDefinitions.java:75)
	at ✽.I should be charged -30(features/a_component_or_smaller_capability/a_broken_feature.feature:46)
</failure>
  </testcase>
  <testcase name="A scenario with a broken precondition" classname="A Broken Feature" time="0.008">
    <failure message="net.serenitybdd.core.exceptions.TestCompromisedException: Unknown colour" type="net.serenitybdd.core.exceptions.TestCompromisedException">net.serenitybdd.core.exceptions.TestCompromisedException: Unknown colour
	at demo.stepdefinitions.DemoStepDefinitions.i_add_a_paint_to_my_shopping_cart(DemoStepDefinitions.java:65)
	at ✽.I add a Unknown paint to my shopping cart(features/a_component_or_smaller_capability/a_broken_feature.feature:55)
</failure>
  </testcase>
  <testcase name="A scenario with a broken precondition" classname="A Broken Feature" time="0.001"/>
  <testcase name="A scenario with a broken precondition" classname="A Broken Feature" time="0.002"/>
  <testcase name="A scenario with a broken precondition" classname="A Broken Feature" time="0.004">
    <failure message="net.serenitybdd.core.exceptions.TestCompromisedException: Unknown colour" type="net.serenitybdd.core.exceptions.TestCompromisedException">net.serenitybdd.core.exceptions.TestCompromisedException: Unknown colour
	at demo.stepdefinitions.DemoStepDefinitions.i_add_a_paint_to_my_shopping_cart(DemoStepDefinitions.java:65)
	at ✽.I add a unknown paint to my shopping cart(features/a_component_or_smaller_capability/a_broken_feature.feature:55)
</failure>
  </testcase>
  <system-out><![CDATA[10:28:01.280 [Test worker] INFO  n.t.c.steps.ConsoleLoggingListener - 
 _____ _____ ____ _____   ____ _____  _    ____ _____ _____ ____  
|_   _| ____/ ___|_   _| / ___|_   _|/ \  |  _ \_   _| ____|  _ \ 
  | | |  _| \___ \ | |   \___ \ | | / _ \ | |_) || | |  _| | | | |
  | | | |___ ___) || |    ___) || |/ ___ \|  _ < | | | |___| |_| |
  |_| |_____|____/ |_|   |____/ |_/_/   \_\_| \_\|_| |_____|____/ 
                                                                  

TEST STARTED: A simple passing given-when-then scenario
-------------------------------------------------------------------(a-broken-feature;a-simple-passing-given-when-then-scenario)
10:28:01.384 [Test worker] INFO  n.t.c.steps.ConsoleLoggingListener - 
 _____ _____ ____ _____   ____ _____  _    ____ _____ _____ ____  
|_   _| ____/ ___|_   _| / ___|_   _|/ \  |  _ \_   _| ____|  _ \ 
  | | |  _| \___ \ | |   \___ \ | | / _ \ | |_) || | |  _| | | | |
  | | | |___ ___) || |    ___) || |/ ___ \|  _ < | | | |___| |_| |
  |_| |_____|____/ |_|   |____/ |_/_/   \_\_| \_\|_| |_____|____/ 
                                                                  

TEST STARTED: A simple given-when-then scenario with bullet points
-------------------------------------------------------------------(a-broken-feature;a-simple-given-when-then-scenario-with-bullet-points)
10:28:01.405 [Test worker] INFO  n.t.c.steps.ConsoleLoggingListener - 
 _____ _____ ____ _____   ____ _____  _    ____ _____ _____ ____  
|_   _| ____/ ___|_   _| / ___|_   _|/ \  |  _ \_   _| ____|  _ \ 
  | | |  _| \___ \ | |   \___ \ | | / _ \ | |_) || | |  _| | | | |
  | | | |___ ___) || |    ___) || |/ ___ \|  _ < | | | |___| |_| |
  |_| |_____|____/ |_|   |____/ |_/_/   \_\_| \_\|_| |_____|____/ 
                                                                  

TEST STARTED: A failing manual scenario
-------------------------------------------------------------------(a-broken-feature;a-failing-manual-scenario)
10:28:01.406 [Test worker] INFO  n.t.c.steps.ConsoleLoggingListener - TEST MANUAL
10:28:01.408 [Test worker] INFO  n.t.c.steps.ConsoleLoggingListener - TEST MANUAL
10:28:01.409 [Test worker] INFO  n.t.c.steps.ConsoleLoggingListener - TEST MANUAL
10:28:01.409 [Test worker] INFO  n.t.c.steps.ConsoleLoggingListener - TEST MANUAL
10:28:01.414 [Test worker] INFO  n.t.c.steps.ConsoleLoggingListener - 
 _____ _____ ____ _____   ____ _____  _    ____ _____ _____ ____  
|_   _| ____/ ___|_   _| / ___|_   _|/ \  |  _ \_   _| ____|  _ \ 
  | | |  _| \___ \ | |   \___ \ | | / _ \ | |_) || | |  _| | | | |
  | | | |___ ___) || |    ___) || |/ ___ \|  _ < | | | |___| |_| |
  |_| |_____|____/ |_|   |____/ |_/_/   \_\_| \_\|_| |_____|____/ 
                                                                  

TEST STARTED: A failing given-when-then scenario
-------------------------------------------------------------------(a-broken-feature;a-failing-given-when-then-scenario)
10:28:01.484 [Test worker] INFO  n.t.c.steps.ConsoleLoggingListener - 
 _____ _____ ____ _____   ____ _____  _    ____ _____ _____ ____  
|_   _| ____/ ___|_   _| / ___|_   _|/ \  |  _ \_   _| ____|  _ \ 
  | | |  _| \___ \ | |   \___ \ | | / _ \ | |_) || | |  _| | | | |
  | | | |___ ___) || |    ___) || |/ ___ \|  _ < | | | |___| |_| |
  |_| |_____|____/ |_|   |____/ |_/_/   \_\_| \_\|_| |_____|____/ 
                                                                  

TEST STARTED: A broken given-when-then scenario
-------------------------------------------------------------------(a-broken-feature;a-broken-given-when-then-scenario)
10:28:01.495 [Test worker] INFO  n.t.c.steps.ConsoleLoggingListener - 
 _____ _____ ____ _____   ____ _____  _    ____ _____ _____ ____  
|_   _| ____/ ___|_   _| / ___|_   _|/ \  |  _ \_   _| ____|  _ \ 
  | | |  _| \___ \ | |   \___ \ | | / _ \ | |_) || | |  _| | | | |
  | | | |___ ___) || |    ___) || |/ ___ \|  _ < | | | |___| |_| |
  |_| |_____|____/ |_|   |____/ |_/_/   \_\_| \_\|_| |_____|____/ 
                                                                  

TEST STARTED: A scenario with an embedded table
-------------------------------------------------------------------(a-broken-feature;a-scenario-with-an-embedded-table)
10:28:01.504 [Test worker] INFO  n.t.c.steps.ConsoleLoggingListener - 
 _____ _____ ____ _____   ____ _____  _    ____ _____ _____ ____  
|_   _| ____/ ___|_   _| / ___|_   _|/ \  |  _ \_   _| ____|  _ \ 
  | | |  _| \___ \ | |   \___ \ | | / _ \ | |_) || | |  _| | | | |
  | | | |___ ___) || |    ___) || |/ ___ \|  _ < | | | |___| |_| |
  |_| |_____|____/ |_|   |____/ |_/_/   \_\_| \_\|_| |_____|____/ 
                                                                  

TEST STARTED: A broken scenario outline
-------------------------------------------------------------------(a-broken-feature;a-broken-scenario-outline)
10:28:01.576 [Test worker] INFO  n.t.c.steps.ConsoleLoggingListener - 
 _____ _____ ____ _____   ____ _____  _    ____ _____ _____ ____  
|_   _| ____/ ___|_   _| / ___|_   _|/ \  |  _ \_   _| ____|  _ \ 
  | | |  _| \___ \ | |   \___ \ | | / _ \ | |_) || | |  _| | | | |
  | | | |___ ___) || |    ___) || |/ ___ \|  _ < | | | |___| |_| |
  |_| |_____|____/ |_|   |____/ |_/_/   \_\_| \_\|_| |_____|____/ 
                                                                  

TEST STARTED: A scenario with a broken precondition
-------------------------------------------------------------------(a-broken-feature;a-scenario-with-a-broken-precondition)
]]></system-out>
  <system-err><![CDATA[]]></system-err>
</testsuite>
